Start testing: Dec 14 18:25 EST
----------------------------------------------------------
1/3 Testing: gpu_convolve
1/3 Test: gpu_convolve
Command: "/opt/multiview/FourierConvolutionCUDALib/build/tests/test_gpu_convolve"
Directory: /opt/multiview/FourierConvolutionCUDALib/build
"gpu_convolve" start time: Dec 14 18:25 EST
Output:
----------------------------------------------------------
Running 10 test cases...

*** No errors detected
<end of output>
Test time =   0.56 sec
----------------------------------------------------------
Test Passed.
"gpu_convolve" end time: Dec 14 18:25 EST
"gpu_convolve" time elapsed: 00:00:00
----------------------------------------------------------

2/3 Testing: gpu_numerical_stability
2/3 Test: gpu_numerical_stability
Command: "/opt/multiview/FourierConvolutionCUDALib/build/tests/test_gpu_numerical_stability"
Directory: /opt/multiview/FourierConvolutionCUDALib/build
"gpu_numerical_stability" start time: Dec 14 18:25 EST
Output:
----------------------------------------------------------
Running 6 test cases...
unknown location(0): fatal error in "ramp_normalized_256": std::runtime_error: CUFFT_ALLOC_FAILED in /opt/multiview/FourierConvolutionCUDALib/src/convolution3Dfft.cu at line 519

/opt/multiview/FourierConvolutionCUDALib/tests/test_gpu_numerical_stability.cpp(327): last checkpoint

*** 1 failure detected in test suite "GPU_NUMERICAL_STABILITY"
<end of output>
Test time =   1.89 sec
----------------------------------------------------------
Test Failed.
"gpu_numerical_stability" end time: Dec 14 18:25 EST
"gpu_numerical_stability" time elapsed: 00:00:01
----------------------------------------------------------

3/3 Testing: how_cufft_works
3/3 Test: how_cufft_works
Command: "/opt/multiview/FourierConvolutionCUDALib/build/tests/test_how_cufft_works"
Directory: /opt/multiview/FourierConvolutionCUDALib/build
"how_cufft_works" start time: Dec 14 18:25 EST
Output:
----------------------------------------------------------
Running 16 test cases...

*** No errors detected
<end of output>
Test time =   0.97 sec
----------------------------------------------------------
Test Passed.
"how_cufft_works" end time: Dec 14 18:25 EST
"how_cufft_works" time elapsed: 00:00:00
----------------------------------------------------------

End testing: Dec 14 18:25 EST
